app/build/outputs/logs/manifest-merger-debug-report.txt
-- Merging decision tree log ---
manifest
ADDED from src\main\AndroidManifest.xml:2:1-29:12
	package
		ADDED from src\main\AndroidManifest.xml:4:2-31
		INJECTED from src\main\AndroidManifest.xml
		INJECTED from src\main\AndroidManifest.xml
	android:versionName
		ADDED from src\main\AndroidManifest.xml:6:2-27
		INJECTED from src\main\AndroidManifest.xml
		INJECTED from src\main\AndroidManifest.xml
	android:versionCode
		ADDED from src\main\AndroidManifest.xml:5:2-25
		INJECTED from src\main\AndroidManifest.xml
		INJECTED from src\main\AndroidManifest.xml
	xmlns:android
		ADDED from src\main\AndroidManifest.xml:3:2-60
uses-sdk
ADDED from src\main\AndroidManifest.xml:7:2-9:35
	android:targetSdkVersion
		ADDED from src\main\AndroidManifest.xml:9:3-32
		INJECTED from src\main\AndroidManifest.xml
		INJECTED from src\main\AndroidManifest.xml
	android:minSdkVersion
		ADDED from src\main\AndroidManifest.xml:8:3-29
		INJECTED from src\main\AndroidManifest.xml
		INJECTED from src\main\AndroidManifest.xml
application
ADDED from src\main\AndroidManifest.xml:10:2-28:16
	android:label
		ADDED from src\main\AndroidManifest.xml:12:3-35
	android:icon
		ADDED from src\main\AndroidManifest.xml:11:3-39
activity#org.crazyit.service.StartServiceTest
ADDED from src\main\AndroidManifest.xml:13:3-20:14
	android:label
		ADDED from src\main\AndroidManifest.xml:15:4-36
	android:name
		ADDED from src\main\AndroidManifest.xml:14:4-36
intent-filter#android.intent.action.MAIN+android.intent.category.LAUNCHER
ADDED from src\main\AndroidManifest.xml:16:4-19:20
action#android.intent.action.MAIN
ADDED from src\main\AndroidManifest.xml:17:5-57
	android:name
		ADDED from src\main\AndroidManifest.xml:17:13-54
category#android.intent.category.LAUNCHER
ADDED from src\main\AndroidManifest.xml:18:5-65
	android:name
		ADDED from src\main\AndroidManifest.xml:18:15-62
service#org.crazyit.service.FirstService
ADDED from src\main\AndroidManifest.xml:22:3-27:13
	android:name
		ADDED from src\main\AndroidManifest.xml:22:12-40
intent-filter#org.crazyit.service.FIRST_SERVICE
ADDED from src\main\AndroidManifest.xml:23:4-26:20
action#org.crazyit.service.FIRST_SERVICE
ADDED from src\main\AndroidManifest.xml:25:5-64
	android:name
		ADDED from src\main\AndroidManifest.xml:25:13-61